# JRE version: Java(TM) SE Runtime Environment (8.0_31-b13) (build 1.8.0_31-b13)
# Java VM: Java HotSpot(TM) 64-Bit Server VM (25.31-b07 mixed mode linux-amd64 compressed oops)
Heap:
 PSYoungGen      total 136192K, used 79593K [0x00000000d7400000, 0x00000000e0300000, 0x0000000100000000)
  eden space 126976K, 57% used [0x00000000d7400000,0x00000000dbac23d0,0x00000000df000000)
  from space 9216K, 77% used [0x00000000dfa00000,0x00000000e00f8040,0x00000000e0300000)
  to   space 9728K, 75% used [0x00000000df000000,0x00000000df728040,0x00000000df980000)
 ParOldGen       total 84992K, used 10643K [0x0000000085c00000, 0x000000008af00000, 0x00000000d7400000)
  object space 84992K, 12% used [0x0000000085c00000,0x0000000086664f08,0x000000008af00000)
 Metaspace       used 20782K, capacity 21214K, committed 21296K, reserved 1069056K
  class space    used 2531K, capacity 2662K, committed 2688K, reserved 1048576K
GC Heap History (10 events):
Event: 1.885 GC heap after
Heap after GC invocations=2 (full 0):
 PSYoungGen      total 36864K, used 5090K [0x00000000d7400000, 0x00000000dbc00000, 0x0000000100000000)
  eden space 31744K, 0% used [0x00000000d7400000,0x00000000d7400000,0x00000000d9300000)
  from space 5120K, 99% used [0x00000000d9800000,0x00000000d9cf8a28,0x00000000d9d00000)
  to   space 5120K, 0% used [0x00000000d9300000,0x00000000d9300000,0x00000000d9800000)
 ParOldGen       total 84992K, used 1709K [0x0000000085c00000, 0x000000008af00000, 0x00000000d7400000)
  object space 84992K, 2% used [0x0000000085c00000,0x0000000085dab7d0,0x000000008af00000)
 Metaspace       used 11612K, capacity 11804K, committed 12032K, reserved 1060864K
  class space    used 1435K, capacity 1504K, committed 1536K, reserved 1048576K
}
Event: 2.623 GC heap before
{Heap before GC invocations=3 (full 0):
 PSYoungGen      total 36864K, used 36834K [0x00000000d7400000, 0x00000000dbc00000, 0x0000000100000000)
  eden space 31744K, 100% used [0x00000000d7400000,0x00000000d9300000,0x00000000d9300000)
  from space 5120K, 99% used [0x00000000d9800000,0x00000000d9cf8a28,0x00000000d9d00000)
  to   space 5120K, 0% used [0x00000000d9300000,0x00000000d9300000,0x00000000d9800000)
 ParOldGen       total 84992K, used 1709K [0x0000000085c00000, 0x000000008af00000, 0x00000000d7400000)
  object space 84992K, 2% used [0x0000000085c00000,0x0000000085dab7d0,0x000000008af00000)
 Metaspace       used 12585K, capacity 12832K, committed 12928K, reserved 1060864K
  class space    used 1522K, capacity 1612K, committed 1664K, reserved 1048576K
Event: 2.639 GC heap after
Heap after GC invocations=3 (full 0):
 PSYoungGen      total 36864K, used 5088K [0x00000000d7400000, 0x00000000dbc00000, 0x0000000100000000)
  eden space 31744K, 0% used [0x00000000d7400000,0x00000000d7400000,0x00000000d9300000)
  from space 5120K, 99% used [0x00000000d9300000,0x00000000d97f8020,0x00000000d9800000)
  to   space 5120K, 0% used [0x00000000db700000,0x00000000db700000,0x00000000dbc00000)
 ParOldGen       total 84992K, used 3304K [0x0000000085c00000, 0x000000008af00000, 0x00000000d7400000)
  object space 84992K, 3% used [0x0000000085c00000,0x0000000085f3a140,0x000000008af00000)
 Metaspace       used 12585K, capacity 12832K, committed 12928K, reserved 1060864K
  class space    used 1522K, capacity 1612K, committed 1664K, reserved 1048576K
}
Event: 3.095 GC heap before
{Heap before GC invocations=4 (full 0):
 PSYoungGen      total 36864K, used 36832K [0x00000000d7400000, 0x00000000dbc00000, 0x0000000100000000)
  eden space 31744K, 100% used [0x00000000d7400000,0x00000000d9300000,0x00000000d9300000)
  from space 5120K, 99% used [0x00000000d9300000,0x00000000d97f8020,0x00000000d9800000)
  to   space 5120K, 0% used [0x00000000db700000,0x00000000db700000,0x00000000dbc00000)
 ParOldGen       total 84992K, used 3304K [0x0000000085c00000, 0x000000008af00000, 0x00000000d7400000)
  object space 84992K, 3% used [0x0000000085c00000,0x0000000085f3a140,0x000000008af00000)
 Metaspace       used 12824K, capacity 13112K, committed 13184K, reserved 1060864K
  class space    used 1526K, capacity 1616K, committed 1664K, reserved 1048576K
Event: 3.115 GC heap after
Heap after GC invocations=4 (full 0):
 PSYoungGen      total 68608K, used 5104K [0x00000000d7400000, 0x00000000dbc00000, 0x0000000100000000)
  eden space 63488K, 0% used [0x00000000d7400000,0x00000000d7400000,0x00000000db200000)
  from space 5120K, 99% used [0x00000000db700000,0x00000000dbbfc010,0x00000000dbc00000)
  to   space 5120K, 0% used [0x00000000db200000,0x00000000db200000,0x00000000db700000)
 ParOldGen       total 84992K, used 4656K [0x0000000085c00000, 0x000000008af00000, 0x00000000d7400000)
  object space 84992K, 5% used [0x0000000085c00000,0x000000008608c140,0x000000008af00000)
 Metaspace       used 12824K, capacity 13112K, committed 13184K, reserved 1060864K
  class space    used 1526K, capacity 1616K, committed 1664K, reserved 1048576K
}
Event: 4.394 GC heap before
{Heap before GC invocations=5 (full 0):
 PSYoungGen      total 68608K, used 68592K [0x00000000d7400000, 0x00000000dbc00000, 0x0000000100000000)
  eden space 63488K, 100% used [0x00000000d7400000,0x00000000db200000,0x00000000db200000)
  from space 5120K, 99% used [0x00000000db700000,0x00000000dbbfc010,0x00000000dbc00000)
  to   space 5120K, 0% used [0x00000000db200000,0x00000000db200000,0x00000000db700000)
 ParOldGen       total 84992K, used 4656K [0x0000000085c00000, 0x000000008af00000, 0x00000000d7400000)
  object space 84992K, 5% used [0x0000000085c00000,0x000000008608c140,0x000000008af00000)
 Metaspace       used 16434K, capacity 16760K, committed 17024K, reserved 1064960K
  class space    used 1983K, capacity 2051K, committed 2176K, reserved 1048576K
Event: 4.413 GC heap after
Heap after GC invocations=5 (full 0):
 PSYoungGen      total 68608K, used 5104K [0x00000000d7400000, 0x00000000e0400000, 0x0000000100000000)
  eden space 63488K, 0% used [0x00000000d7400000,0x00000000d7400000,0x00000000db200000)
  from space 5120K, 99% used [0x00000000db200000,0x00000000db6fc030,0x00000000db700000)
  to   space 10240K, 0% used [0x00000000dfa00000,0x00000000dfa00000,0x00000000e0400000)
 ParOldGen       total 84992K, used 9313K [0x0000000085c00000, 0x000000008af00000, 0x00000000d7400000)
  object space 84992K, 10% used [0x0000000085c00000,0x00000000865186a8,0x000000008af00000)
 Metaspace       used 16434K, capacity 16760K, committed 17024K, reserved 1064960K
  class space    used 1983K, capacity 2051K, committed 2176K, reserved 1048576K
}
Event: 5.164 GC heap before
{Heap before GC invocations=6 (full 0):
 PSYoungGen      total 68608K, used 68592K [0x00000000d7400000, 0x00000000e0400000, 0x0000000100000000)
  eden space 63488K, 100% used [0x00000000d7400000,0x00000000db200000,0x00000000db200000)
  from space 5120K, 99% used [0x00000000db200000,0x00000000db6fc030,0x00000000db700000)
  to   space 10240K, 0% used [0x00000000dfa00000,0x00000000dfa00000,0x00000000e0400000)
 ParOldGen       total 84992K, used 9313K [0x0000000085c00000, 0x000000008af00000, 0x00000000d7400000)
  object space 84992K, 10% used [0x0000000085c00000,0x00000000865186a8,0x000000008af00000)
 Metaspace       used 17097K, capacity 17430K, committed 17536K, reserved 1064960K
  class space    used 2050K, capacity 2124K, committed 2176K, reserved 1048576K
Event: 5.193 GC heap after
Heap after GC invocations=6 (full 0):
 PSYoungGen      total 136192K, used 7136K [0x00000000d7400000, 0x00000000e0300000, 0x0000000100000000)
  eden space 126976K, 0% used [0x00000000d7400000,0x00000000d7400000,0x00000000df000000)
  from space 9216K, 77% used [0x00000000dfa00000,0x00000000e00f8040,0x00000000e0300000)
  to   space 9728K, 0% used [0x00000000df000000,0x00000000df000000,0x00000000df980000)
 ParOldGen       total 84992K, used 9321K [0x0000000085c00000, 0x000000008af00000, 0x00000000d7400000)
  object space 84992K, 10% used [0x0000000085c00000,0x000000008651a6a8,0x000000008af00000)
 Metaspace       used 17097K, capacity 17430K, committed 17536K, reserved 1064960K
  class space    used 2050K, capacity 2124K, committed 2176K, reserved 1048576K
}
Event: 5.916 GC heap before
{Heap before GC invocations=7 (full 0):
 PSYoungGen      total 136192K, used 79593K [0x00000000d7400000, 0x00000000e0300000, 0x0000000100000000)
  eden space 126976K, 57% used [0x00000000d7400000,0x00000000dbac23d0,0x00000000df000000)
  from space 9216K, 77% used [0x00000000dfa00000,0x00000000e00f8040,0x00000000e0300000)
  to   space 9728K, 0% used [0x00000000df000000,0x00000000df000000,0x00000000df980000)
 ParOldGen       total 84992K, used 9321K [0x0000000085c00000, 0x000000008af00000, 0x00000000d7400000)
  object space 84992K, 10% used [0x0000000085c00000,0x000000008651a6a8,0x000000008af00000)
 Metaspace       used 20782K, capacity 21214K, committed 21296K, reserved 1069056K
  class space    used 2531K, capacity 2662K, committed 2688K, reserved 1048576K

